chrome browser object created
implicit wait for 10 seconds
opened website
chrome browser object created
implicit wait for 10 seconds
opened website
chrome browser object created
implicit wait for 10 seconds
opened website
chrome browser object created
implicit wait for 10 seconds
opened website
about to accept cookie
chrome browser object created
implicit wait for 10 seconds
opened website
about to accept cookie
accepted cookie
i slept for 4000ms
about to click spend and save
chrome browser object created
implicit wait for 10 seconds
opened website
about to accept cookie
accepted cookie
i slept for 4000ms
about to click spend and save
clicked spend and save
chrome browser object created
implicit wait for 10 seconds
opened website
about to accept cookie
accepted cookie
i slept for 4000ms
about to click spend and save
clicked spend and save
Aspiration
Aspiration Plus
chrome browser object created
implicit wait for 10 seconds
opened website
about to accept cookie
accepted cookie
i slept for 4000ms
about to click spend and save
clicked spend and save
Aspiration
Aspiration Plus
chrome browser object created
implicit wait for 10 seconds
opened website
about to accept cookie
accepted cookie
i slept for 4000ms
about to click spend and save
clicked spend and save
Aspiration
Aspiration Plus
chrome browser object created
implicit wait for 10 seconds
opened website
about to accept cookie
accepted cookie
i slept for 4000ms
about to click spend and save
clicked spend and save
Aspiration
Aspiration Plus
chrome browser object created
implicit wait for 10 seconds
opened website
about to accept cookie
accepted cookie
i slept for 4000ms
about to click spend and save
clicked spend and save
Aspiration
Aspiration Plus
chrome browser object created
implicit wait for 10 seconds
opened website
about to accept cookie
accepted cookie
i slept for 4000ms
about to click spend and save
clicked spend and save
Aspiration
Aspiration Plus
chrome browser object created
implicit wait for 10 seconds
opened website
about to accept cookie
accepted cookie
i slept for 4000ms
about to click spend and save
clicked spend and save
Aspiration
Aspiration Plus
chrome browser object created
implicit wait for 10 seconds
opened website
about to accept cookie
accepted cookie
i slept for 4000ms
about to click spend and save
clicked spend and save
Aspiration
Aspiration Plus
